2026-01-20 12:21:26,364 - INFO - Logging initialized. Log file: logs\pipeline_20260120_122126.log
2026-01-20 12:21:26,364 - INFO - ==================================================
2026-01-20 12:21:26,365 - INFO - Starting Veracore Data Pipeline
2026-01-20 12:21:26,365 - INFO - Execution time: 2026-01-20 12:21:26
2026-01-20 12:21:26,365 - INFO - ==================================================
2026-01-20 12:21:26,365 - INFO - All required environment variables are set.
2026-01-20 12:21:26,365 - INFO - ==================================================
2026-01-20 12:21:26,365 - INFO - ARCHIVING EXISTING CSV FILES
2026-01-20 12:21:26,366 - INFO - ==================================================
2026-01-20 12:21:26,366 - INFO - ARCHIVE: SHAREPOINT_URL = https://3plwinner.sharepoint.com
2026-01-20 12:21:26,366 - INFO - ARCHIVE: SHAREPOINT_FOLDER = /Shared Documents/Resideo Dashboard
2026-01-20 12:21:26,366 - INFO - ARCHIVE: SHAREPOINT_CLIENT_ID = SET
2026-01-20 12:21:26,366 - INFO - ARCHIVE: SHAREPOINT_CLIENT_SECRET = SET
2026-01-20 12:21:26,366 - INFO - ARCHIVE: Starting archive process for folder: /Shared Documents/Resideo Dashboard
2026-01-20 12:21:26,998 - INFO - ARCHIVE: Connected to site: 3PLWinner
2026-01-20 12:21:27,421 - INFO - ARCHIVE: Folder exists: True
2026-01-20 12:21:27,421 - INFO - ARCHIVE: Folder ServerRelativeUrl: /Shared Documents/Resideo Dashboard
2026-01-20 12:21:27,422 - INFO - ARCHIVE: Number of subfolders: 0
2026-01-20 12:21:27,422 - INFO - ARCHIVE: Files collection type: <class 'office365.sharepoint.files.file_collection.FileCollection'>
2026-01-20 12:21:27,422 - INFO - ARCHIVE: Files collection length: 0
2026-01-20 12:21:27,422 - INFO - ARCHIVE: Total files enumerated: 0
2026-01-20 12:21:27,422 - INFO - ARCHIVE: Attempting alternative method using list items...
2026-01-20 12:21:27,423 - ERROR - ARCHIVE: List method failed: No module named 'office365.sharepoint.caml_query'
2026-01-20 12:21:27,423 - INFO - ARCHIVE: No CSV files to archive
2026-01-20 12:21:27,423 - INFO - ==================================================
2026-01-20 12:21:27,423 - INFO - ARCHIVING COMPLETED SUCCESSFULLY
2026-01-20 12:21:27,424 - INFO - ==================================================
2026-01-20 12:21:27,424 - INFO - Attempting to get authorization token from VeraCore API
2026-01-20 12:21:27,424 - INFO - USERNAME: SET
2026-01-20 12:21:27,424 - INFO - PASSWORD: SET
2026-01-20 12:21:27,424 - INFO - SYSTEM_ID: SET
2026-01-20 12:21:27,424 - INFO - W_TOKEN: SET
2026-01-20 12:21:27,424 - INFO - USERNAME value: jannatipour.leena
2026-01-20 12:21:27,424 - INFO - SYSTEM_ID value: CUS529
2026-01-20 12:21:27,424 - INFO - Attempting direct token authentication...
2026-01-20 12:21:27,424 - INFO - Testing direct token against: https://wms.3plwinner.com/VeraCore/Public.Api/api/reports
2026-01-20 12:21:27,681 - INFO - Direct token test - Status Code: 200
2026-01-20 12:21:27,682 - INFO - Direct token test - Response Headers: {'Date': 'Tue, 20 Jan 2026 20:21:28 GMT', 'Content-Type': 'application/json; charset=utf-8', 'Transfer-Encoding': 'chunked', 'Connection': 'keep-alive', 'Content-Encoding': 'gzip', 'cache-control': 'no-cache', 'pragma': 'no-cache', 'expires': '-1', 'x-aspnet-version': '4.0.30319', 'x-powered-by': 'ASP.NET', 'x-xss-protection': '1; mode=block', 'set-cookie': 'SRV=s2; path=/', 'cf-cache-status': 'DYNAMIC', 'Server': 'cloudflare', 'CF-RAY': '9c1147468f83939b-SJC'}
2026-01-20 12:21:27,682 - INFO - ✓ Direct token authentication successful!
2026-01-20 12:21:27,685 - INFO - Fetching data from API endpoint: https://wms.3plwinner.com/VeraCore/Public.Api/api/reports
2026-01-20 12:21:27,997 - INFO - Skipping SharePoint upload for available_reports_endpoint.csv
2026-01-20 12:21:27,998 - INFO - Deleted local file: C:\Users\jannatipour.leena\Downloads\ResideoDashboard\output_20260120_122126\available_reports_endpoint.csv
2026-01-20 12:21:27,998 - INFO - Processing report 1/1: ResideoDashboardOrderStatus
2026-01-20 12:21:27,998 - INFO - Processing report: ResideoDashboardOrderStatus
2026-01-20 12:21:28,404 - INFO - Task started. Task ID: 59675
2026-01-20 12:21:28,587 - INFO - Report status: Processing (attempt 1)
2026-01-20 12:21:31,777 - INFO - Report Completed
2026-01-20 12:21:32,123 - INFO - Report data saved to OrderStatus.csv
2026-01-20 12:21:32,123 - INFO - Starting SharePoint upload process...
2026-01-20 12:21:32,123 - INFO - Local file: C:\Users\jannatipour.leena\Downloads\ResideoDashboard\output_20260120_122126\OrderStatus.csv
2026-01-20 12:21:32,123 - INFO - SharePoint filename: OrderStatus_20260120_122132.csv
2026-01-20 12:21:32,123 - INFO - SharePoint Client Credential authentication successful
2026-01-20 12:21:32,637 - INFO - Uploading file: OrderStatus_20260120_122132.csv
2026-01-20 12:21:33,126 - INFO - Successfully uploaded: OrderStatus_20260120_122132.csv
2026-01-20 12:21:33,126 - INFO - SharePoint URL: https://3plwinner.sharepoint.com/Shared Documents/Resideo Dashboard/OrderStatus_20260120_122132.csv
2026-01-20 12:21:33,127 - INFO - Successfully uploaded OrderStatus.csv to SharePoint
2026-01-20 12:21:33,127 - INFO - ==================================================
2026-01-20 12:21:33,127 - INFO - Pipeline Summary:
2026-01-20 12:21:33,127 - INFO - Successful reports: 1 / 1
2026-01-20 12:21:33,128 - INFO - Completed at: 2026-01-20 12:21:33
2026-01-20 12:21:33,128 - INFO - ==================================================
2026-01-20 12:21:33,128 - INFO - Pipeline Completed Successfully
