2026-01-20 12:09:15,668 - INFO - Logging initialized. Log file: logs\pipeline_20260120_120915.log
2026-01-20 12:09:15,668 - INFO - ==================================================
2026-01-20 12:09:15,668 - INFO - Starting Veracore Data Pipeline
2026-01-20 12:09:15,668 - INFO - Execution time: 2026-01-20 12:09:15
2026-01-20 12:09:15,669 - INFO - ==================================================
2026-01-20 12:09:15,669 - INFO - All required environment variables are set.
2026-01-20 12:09:15,669 - INFO - ==================================================
2026-01-20 12:09:15,669 - INFO - ARCHIVING EXISTING CSV FILES
2026-01-20 12:09:15,669 - INFO - ==================================================
2026-01-20 12:09:15,669 - INFO - ARCHIVE: SHAREPOINT_URL = https://3plwinner.sharepoint.com
2026-01-20 12:09:15,669 - INFO - ARCHIVE: SHAREPOINT_FOLDER = /Shared Documents/Resideo Dashboard
2026-01-20 12:09:15,670 - INFO - ARCHIVE: SHAREPOINT_CLIENT_ID = SET
2026-01-20 12:09:15,670 - INFO - ARCHIVE: SHAREPOINT_CLIENT_SECRET = SET
2026-01-20 12:09:15,670 - INFO - ARCHIVE: Starting archive process for folder: /Shared Documents/Resideo Dashboard
2026-01-20 12:09:16,492 - INFO - ARCHIVE: Connected to site: 3PLWinner
2026-01-20 12:09:17,281 - INFO - ARCHIVE: Folder exists: True
2026-01-20 12:09:17,281 - INFO - ARCHIVE: Folder ServerRelativeUrl: /Shared Documents/Resideo Dashboard
2026-01-20 12:09:17,282 - INFO - ARCHIVE: Number of subfolders: 0
2026-01-20 12:09:17,282 - INFO - ARCHIVE: Files collection type: <class 'office365.sharepoint.files.file_collection.FileCollection'>
2026-01-20 12:09:17,282 - INFO - ARCHIVE: Files collection length: 0
2026-01-20 12:09:17,282 - INFO - ARCHIVE: Total files enumerated: 0
2026-01-20 12:09:17,282 - INFO - ARCHIVE: Attempting alternative method using list items...
2026-01-20 12:09:17,283 - ERROR - ARCHIVE: List method failed: No module named 'office365.sharepoint.caml_query'
2026-01-20 12:09:17,283 - INFO - ARCHIVE: No CSV files to archive
2026-01-20 12:09:17,283 - INFO - ==================================================
2026-01-20 12:09:17,283 - INFO - ARCHIVING COMPLETED SUCCESSFULLY
2026-01-20 12:09:17,283 - INFO - ==================================================
2026-01-20 12:09:17,284 - INFO - Attempting to get authorization token from VeraCore API
2026-01-20 12:09:17,284 - INFO - USERNAME: SET
2026-01-20 12:09:17,284 - INFO - PASSWORD: SET
2026-01-20 12:09:17,284 - INFO - SYSTEM_ID: SET
2026-01-20 12:09:17,284 - INFO - W_TOKEN: SET
2026-01-20 12:09:17,284 - INFO - USERNAME value: jannatipour.leena
2026-01-20 12:09:17,284 - INFO - SYSTEM_ID value: CUS529
2026-01-20 12:09:17,285 - INFO - Attempting direct token authentication...
2026-01-20 12:09:17,285 - INFO - Testing direct token against: https://wms.3plwinner.com/VeraCore/Public.Api/api/reports
2026-01-20 12:09:17,844 - INFO - Direct token test - Status Code: 200
2026-01-20 12:09:17,845 - INFO - Direct token test - Response Headers: {'Date': 'Tue, 20 Jan 2026 20:09:19 GMT', 'Content-Type': 'application/json; charset=utf-8', 'Transfer-Encoding': 'chunked', 'Connection': 'keep-alive', 'Content-Encoding': 'gzip', 'cache-control': 'no-cache', 'pragma': 'no-cache', 'expires': '-1', 'x-aspnet-version': '4.0.30319', 'x-powered-by': 'ASP.NET', 'x-xss-protection': '1; mode=block', 'set-cookie': 'SRV=s2; path=/', 'cf-cache-status': 'DYNAMIC', 'Server': 'cloudflare', 'CF-RAY': '9c1135738a3ccf09-SJC'}
2026-01-20 12:09:17,845 - INFO - ✓ Direct token authentication successful!
2026-01-20 12:09:17,846 - INFO - Fetching data from API endpoint: https://wms.3plwinner.com/VeraCore/Public.Api/api/reports
2026-01-20 12:09:18,142 - INFO - Skipping SharePoint upload for available_reports_endpoint.csv
2026-01-20 12:09:18,146 - INFO - Deleted local file: C:\Users\jannatipour.leena\Downloads\ResideoDashboard\output_20260120_120915\available_reports_endpoint.csv
2026-01-20 12:09:18,146 - INFO - Processing report 1/1: ResideoDashboardOrderStatus
2026-01-20 12:09:18,147 - INFO - Processing report: ResideoDashboardOrderStatus
2026-01-20 12:09:19,006 - INFO - Task started. Task ID: 59674
2026-01-20 12:09:19,246 - INFO - Report status: Created (attempt 1)
2026-01-20 12:09:22,546 - INFO - Report Completed
2026-01-20 12:09:22,898 - INFO - Report data saved to OrderStatus.csv
2026-01-20 12:09:22,898 - INFO - Starting SharePoint upload process...
2026-01-20 12:09:22,898 - INFO - Local file: C:\Users\jannatipour.leena\Downloads\ResideoDashboard\output_20260120_120915\OrderStatus.csv
2026-01-20 12:09:22,899 - INFO - SharePoint filename: OrderStatus_20260120_120922.csv
2026-01-20 12:09:22,899 - INFO - SharePoint Client Credential authentication successful
2026-01-20 12:09:23,676 - INFO - Uploading file: OrderStatus_20260120_120922.csv
2026-01-20 12:09:24,324 - INFO - Successfully uploaded: OrderStatus_20260120_120922.csv
2026-01-20 12:09:24,325 - INFO - SharePoint URL: https://3plwinner.sharepoint.com/Shared Documents/Resideo Dashboard/OrderStatus_20260120_120922.csv
2026-01-20 12:09:24,325 - INFO - Successfully uploaded OrderStatus.csv to SharePoint
2026-01-20 12:09:24,325 - INFO - ==================================================
2026-01-20 12:09:24,325 - INFO - Pipeline Summary:
2026-01-20 12:09:24,326 - INFO - Successful reports: 1 / 1
2026-01-20 12:09:24,326 - INFO - Completed at: 2026-01-20 12:09:24
2026-01-20 12:09:24,326 - INFO - ==================================================
2026-01-20 12:09:24,326 - INFO - Pipeline Completed Successfully
